// 重构日志: ecc1de65
// 同步 ID: fe4722dd @ Sun May 24 15:35:43 UTC 2026
// 重构日志: eaf80302
// 重构日志: e52c861e
// 同步 ID: 3e2a0428 @ Sat May 30 15:15:56 UTC 2026
// 同步 ID: 58ddacd7 @ Sun May 31 10:51:13 UTC 2026
// 重构日志: 33347b73
// 重构日志: e4546f6c
// 同步 ID: fa7c4611 @ Sat Jun  6 17:38:14 UTC 2026
// 重构日志: 2e8ffd62
// 重构日志: 2c18700c
// 重构日志: b159d8c1
// 重构日志: b5aa35b6
// 同步 ID: 99156262 @ Tue Jun 16 06:06:45 UTC 2026
// 重构日志: 871160fa
// 重构日志: d463e5cb
// 同步 ID: 70de3e9e @ Wed Jun 17 18:10:47 UTC 2026
// 同步 ID: ddd438d7 @ Sat Jun 20 16:09:34 UTC 2026
// 重构日志: 5574b0f9
// 重构日志: 64e3232c
// 重构日志: 2964d64f
// 重构日志: 47adc279
// 重构日志: d185639d
